<?xml version="1.0" encoding="UTF-8"?>
<!-- Generated by org.testng.reporters.JUnitXMLReporter -->
<testsuite ignored="6" hostname="DESKTOP-SJEQSC9" failures="0" tests="1" name="Default test" time="9.41" errors="0" timestamp="2024-03-17T23:51:02 IST">
  <testcase classname="com.slinkr.testscript.LoginExecute" name="oneendtoendLoginPage" time="3.431"/>
  <testcase classname="com.slinkr.testscript.LoginExecute" name="loginErrorMsg" time="0.0">
    <ignored/>
  </testcase> <!-- loginErrorMsg -->
  <testcase classname="com.slinkr.testscript.LoginExecute" name="sendinginvalidUn" time="0.0">
    <ignored/>
  </testcase> <!-- sendinginvalidUn -->
  <testcase classname="com.slinkr.testscript.LoginExecute" name="unpwdheightandwidth" time="0.0">
    <ignored/>
  </testcase> <!-- unpwdheightandwidth -->
  <testcase classname="com.slinkr.testscript.LoginExecute" name="sendinginvalidUn1" time="0.0">
    <ignored/>
  </testcase> <!-- sendinginvalidUn1 -->
  <testcase classname="com.slinkr.testscript.LoginExecute" name="loginCosmeticVerification" time="0.0">
    <ignored/>
  </testcase> <!-- loginCosmeticVerification -->
  <testcase classname="com.slinkr.testscript.LoginExecute" name="enumOperations" time="0.0">
    <ignored/>
  </testcase> <!-- enumOperations -->
</testsuite> <!-- Default test -->
