<?xml version="1.0" encoding="UTF-8"?>
<!-- Generated by org.testng.reporters.JUnitXMLReporter -->
<testsuite ignored="1" hostname="DESKTOP-SJEQSC9" failures="3" tests="6" name="Test" time="14.615" errors="0" timestamp="2024-03-18T00:07:51 IST">
  <testcase classname="com.slinkr.testscript.LoginExecute" name="loginCosmeticVerification" time="2.115"/>
  <testcase classname="com.slinkr.testscript.LoginExecute" name="loginErrorMsg" time="0.886">
    <failure type="java.lang.NullPointerException" message="Cannot invoke &amp;quot;org.apache.poi.ss.usermodel.Sheet.getRow(int)&amp;quot; because the return value of &amp;quot;org.apache.poi.ss.usermodel.Workbook.getSheet(String)&amp;quot; is null">
      <![CDATA[java.lang.NullPointerException: Cannot invoke "org.apache.poi.ss.usermodel.Sheet.getRow(int)" because the return value of "org.apache.poi.ss.usermodel.Workbook.getSheet(String)" is null
at com.slinkr.genericutility.FileUtility.getExceldata(FileUtility.java:27)
at com.slinkr.testscript.LoginExecute.loginErrorMsg(LoginExecute.java:106)
at java.base/java.util.ArrayList.forEach(ArrayList.java:1511)
... Removed 27 stack frames]]>
    </failure>
  </testcase> <!-- loginErrorMsg -->
  <testcase classname="com.slinkr.testscript.LoginExecute" name="oneendtoendLoginPage" time="3.174"/>
  <testcase classname="com.slinkr.testscript.LoginExecute" name="sendinginvalidUn" time="0.058">
    <failure type="java.lang.NullPointerException" message="Cannot invoke &amp;quot;org.apache.poi.ss.usermodel.Sheet.getRow(int)&amp;quot; because the return value of &amp;quot;org.apache.poi.ss.usermodel.Workbook.getSheet(String)&amp;quot; is null">
      <![CDATA[java.lang.NullPointerException: Cannot invoke "org.apache.poi.ss.usermodel.Sheet.getRow(int)" because the return value of "org.apache.poi.ss.usermodel.Workbook.getSheet(String)" is null
at com.slinkr.genericutility.FileUtility.getExceldata(FileUtility.java:27)
at com.slinkr.testscript.LoginExecute.sendinginvalidUn(LoginExecute.java:84)
at java.base/java.util.ArrayList.forEach(ArrayList.java:1511)
... Removed 27 stack frames]]>
    </failure>
  </testcase> <!-- sendinginvalidUn -->
  <testcase classname="com.slinkr.testscript.LoginExecute" name="sendinginvalidUn1" time="0.041">
    <failure type="java.lang.NullPointerException" message="Cannot invoke &amp;quot;org.apache.poi.ss.usermodel.Sheet.getRow(int)&amp;quot; because the return value of &amp;quot;org.apache.poi.ss.usermodel.Workbook.getSheet(String)&amp;quot; is null">
      <![CDATA[java.lang.NullPointerException: Cannot invoke "org.apache.poi.ss.usermodel.Sheet.getRow(int)" because the return value of "org.apache.poi.ss.usermodel.Workbook.getSheet(String)" is null
at com.slinkr.genericutility.FileUtility.getExceldata(FileUtility.java:27)
at com.slinkr.testscript.LoginExecute.sendinginvalidUn1(LoginExecute.java:95)
at java.base/java.util.ArrayList.forEach(ArrayList.java:1511)
... Removed 27 stack frames]]>
    </failure>
  </testcase> <!-- sendinginvalidUn1 -->
  <testcase classname="com.slinkr.testscript.LoginExecute" name="unpwdheightandwidth" time="0.047"/>
  <testcase classname="com.slinkr.testscript.LoginExecute" name="enumOperations" time="0.0">
    <ignored/>
  </testcase> <!-- enumOperations -->
</testsuite> <!-- Test -->
