<?xml version="1.0" encoding="UTF-8"?>
<testng-results ignored="0" total="6" passed="3" failed="3" skipped="0">
  <reporter-output>
    <line>
      <![CDATA[background color of login button is rgba(13, 110, 253, 1)]]>
    </line>
    <line>
      <![CDATA[fontfamily is system-ui, -apple-system, "Segoe UI", Roboto, "Helvetica Neue", "Noto Sans", "Liberation Sans", Arial, sans-serif, "Apple Color Emoji", "Segoe UI Emoji", "Segoe UI Symbol", "Noto Color Emoji"]]>
    </line>
    <line>
      <![CDATA[username Height is 47]]>
    </line>
    <line>
      <![CDATA[username width is 204]]>
    </line>
  </reporter-output>
  <suite started-at="2024-03-18T00:07:36 IST" name="Suite" finished-at="2024-03-18T00:07:51 IST" duration-ms="14615">
    <groups>
      <group name="regression">
        <method signature="LoginExecute.oneendtoendLoginPage()[pri:0, instance:com.slinkr.testscript.LoginExecute@3590fc5b]" name="oneendtoendLoginPage" class="com.slinkr.testscript.LoginExecute"/>
      </group> <!-- regression -->
      <group name="smoke">
        <method signature="LoginExecute.loginCosmeticVerification()[pri:0, instance:com.slinkr.testscript.LoginExecute@3590fc5b]" name="loginCosmeticVerification" class="com.slinkr.testscript.LoginExecute"/>
      </group> <!-- smoke -->
    </groups>
    <test started-at="2024-03-18T00:07:36 IST" name="Test" finished-at="2024-03-18T00:07:51 IST" duration-ms="14615">
      <class name="com.slinkr.testscript.LoginExecute">
        <test-method is-config="true" signature="executeBeforeClass(java.lang.String)[pri:0, instance:com.slinkr.testscript.LoginExecute@3590fc5b]" started-at="2024-03-18T00:07:36 IST" name="executeBeforeClass" finished-at="2024-03-18T00:07:43 IST" duration-ms="6767" status="PASS">
          <params>
            <param index="0">
              <value>
                <![CDATA[chrome]]>
              </value>
            </param>
          </params>
          <reporter-output>
          </reporter-output>
        </test-method> <!-- executeBeforeClass -->
        <test-method signature="loginCosmeticVerification()[pri:0, instance:com.slinkr.testscript.LoginExecute@3590fc5b]" started-at="2024-03-18T00:07:43 IST" name="loginCosmeticVerification" finished-at="2024-03-18T00:07:45 IST" duration-ms="2115" status="PASS">
          <reporter-output>
            <line>
              <![CDATA[background color of login button is rgba(13, 110, 253, 1)]]>
            </line>
            <line>
              <![CDATA[fontfamily is system-ui, -apple-system, "Segoe UI", Roboto, "Helvetica Neue", "Noto Sans", "Liberation Sans", Arial, sans-serif, "Apple Color Emoji", "Segoe UI Emoji", "Segoe UI Symbol", "Noto Color Emoji"]]>
            </line>
          </reporter-output>
        </test-method> <!-- loginCosmeticVerification -->
        <test-method signature="loginErrorMsg()[pri:0, instance:com.slinkr.testscript.LoginExecute@3590fc5b]" started-at="2024-03-18T00:07:45 IST" name="loginErrorMsg" finished-at="2024-03-18T00:07:46 IST" duration-ms="886" status="FAIL">
          <exception class="java.lang.NullPointerException">
            <message>
              <![CDATA[Cannot invoke "org.apache.poi.ss.usermodel.Sheet.getRow(int)" because the return value of "org.apache.poi.ss.usermodel.Workbook.getSheet(String)" is null]]>
            </message>
            <full-stacktrace>
              <![CDATA[java.lang.NullPointerException: Cannot invoke "org.apache.poi.ss.usermodel.Sheet.getRow(int)" because the return value of "org.apache.poi.ss.usermodel.Workbook.getSheet(String)" is null
at com.slinkr.genericutility.FileUtility.getExceldata(FileUtility.java:27)
at com.slinkr.testscript.LoginExecute.loginErrorMsg(LoginExecute.java:106)
at java.base/jdk.internal.reflect.NativeMethodAccessorImpl.invoke0(Native Method)
at java.base/jdk.internal.reflect.NativeMethodAccessorImpl.invoke(NativeMethodAccessorImpl.java:77)
at java.base/jdk.internal.reflect.DelegatingMethodAccessorImpl.invoke(DelegatingMethodAccessorImpl.java:43)
at java.base/java.lang.reflect.Method.invoke(Method.java:568)
at org.testng.internal.invokers.MethodInvocationHelper.invokeMethod(MethodInvocationHelper.java:139)
at org.testng.internal.invokers.TestInvoker.invokeMethod(TestInvoker.java:664)
at org.testng.internal.invokers.TestInvoker.invokeTestMethod(TestInvoker.java:228)
at org.testng.internal.invokers.MethodRunner.runInSequence(MethodRunner.java:63)
at org.testng.internal.invokers.TestInvoker$MethodInvocationAgent.invoke(TestInvoker.java:961)
at org.testng.internal.invokers.TestInvoker.invokeTestMethods(TestInvoker.java:201)
at org.testng.internal.invokers.TestMethodWorker.invokeTestMethods(TestMethodWorker.java:148)
at org.testng.internal.invokers.TestMethodWorker.run(TestMethodWorker.java:128)
at java.base/java.util.ArrayList.forEach(ArrayList.java:1511)
at org.testng.TestRunner.privateRun(TestRunner.java:819)
at org.testng.TestRunner.run(TestRunner.java:619)
at org.testng.SuiteRunner.runTest(SuiteRunner.java:443)
at org.testng.SuiteRunner.runSequentially(SuiteRunner.java:437)
at org.testng.SuiteRunner.privateRun(SuiteRunner.java:397)
at org.testng.SuiteRunner.run(SuiteRunner.java:336)
at org.testng.SuiteRunnerWorker.runSuite(SuiteRunnerWorker.java:52)
at org.testng.SuiteRunnerWorker.run(SuiteRunnerWorker.java:95)
at org.testng.TestNG.runSuitesSequentially(TestNG.java:1301)
at org.testng.TestNG.runSuitesLocally(TestNG.java:1228)
at org.testng.TestNG.runSuites(TestNG.java:1134)
at org.testng.TestNG.run(TestNG.java:1101)
at org.testng.remote.AbstractRemoteTestNG.run(AbstractRemoteTestNG.java:115)
at org.testng.remote.RemoteTestNG.initAndRun(RemoteTestNG.java:251)
at org.testng.remote.RemoteTestNG.main(RemoteTestNG.java:77)
]]>
            </full-stacktrace>
          </exception> <!-- java.lang.NullPointerException -->
          <reporter-output>
          </reporter-output>
        </test-method> <!-- loginErrorMsg -->
        <test-method signature="oneendtoendLoginPage()[pri:0, instance:com.slinkr.testscript.LoginExecute@3590fc5b]" started-at="2024-03-18T00:07:46 IST" name="oneendtoendLoginPage" finished-at="2024-03-18T00:07:49 IST" duration-ms="3174" status="PASS">
          <reporter-output>
          </reporter-output>
        </test-method> <!-- oneendtoendLoginPage -->
        <test-method signature="sendinginvalidUn()[pri:0, instance:com.slinkr.testscript.LoginExecute@3590fc5b]" started-at="2024-03-18T00:07:50 IST" name="sendinginvalidUn" finished-at="2024-03-18T00:07:50 IST" duration-ms="58" status="FAIL">
          <exception class="java.lang.NullPointerException">
            <message>
              <![CDATA[Cannot invoke "org.apache.poi.ss.usermodel.Sheet.getRow(int)" because the return value of "org.apache.poi.ss.usermodel.Workbook.getSheet(String)" is null]]>
            </message>
            <full-stacktrace>
              <![CDATA[java.lang.NullPointerException: Cannot invoke "org.apache.poi.ss.usermodel.Sheet.getRow(int)" because the return value of "org.apache.poi.ss.usermodel.Workbook.getSheet(String)" is null
at com.slinkr.genericutility.FileUtility.getExceldata(FileUtility.java:27)
at com.slinkr.testscript.LoginExecute.sendinginvalidUn(LoginExecute.java:84)
at java.base/jdk.internal.reflect.NativeMethodAccessorImpl.invoke0(Native Method)
at java.base/jdk.internal.reflect.NativeMethodAccessorImpl.invoke(NativeMethodAccessorImpl.java:77)
at java.base/jdk.internal.reflect.DelegatingMethodAccessorImpl.invoke(DelegatingMethodAccessorImpl.java:43)
at java.base/java.lang.reflect.Method.invoke(Method.java:568)
at org.testng.internal.invokers.MethodInvocationHelper.invokeMethod(MethodInvocationHelper.java:139)
at org.testng.internal.invokers.TestInvoker.invokeMethod(TestInvoker.java:664)
at org.testng.internal.invokers.TestInvoker.invokeTestMethod(TestInvoker.java:228)
at org.testng.internal.invokers.MethodRunner.runInSequence(MethodRunner.java:63)
at org.testng.internal.invokers.TestInvoker$MethodInvocationAgent.invoke(TestInvoker.java:961)
at org.testng.internal.invokers.TestInvoker.invokeTestMethods(TestInvoker.java:201)
at org.testng.internal.invokers.TestMethodWorker.invokeTestMethods(TestMethodWorker.java:148)
at org.testng.internal.invokers.TestMethodWorker.run(TestMethodWorker.java:128)
at java.base/java.util.ArrayList.forEach(ArrayList.java:1511)
at org.testng.TestRunner.privateRun(TestRunner.java:819)
at org.testng.TestRunner.run(TestRunner.java:619)
at org.testng.SuiteRunner.runTest(SuiteRunner.java:443)
at org.testng.SuiteRunner.runSequentially(SuiteRunner.java:437)
at org.testng.SuiteRunner.privateRun(SuiteRunner.java:397)
at org.testng.SuiteRunner.run(SuiteRunner.java:336)
at org.testng.SuiteRunnerWorker.runSuite(SuiteRunnerWorker.java:52)
at org.testng.SuiteRunnerWorker.run(SuiteRunnerWorker.java:95)
at org.testng.TestNG.runSuitesSequentially(TestNG.java:1301)
at org.testng.TestNG.runSuitesLocally(TestNG.java:1228)
at org.testng.TestNG.runSuites(TestNG.java:1134)
at org.testng.TestNG.run(TestNG.java:1101)
at org.testng.remote.AbstractRemoteTestNG.run(AbstractRemoteTestNG.java:115)
at org.testng.remote.RemoteTestNG.initAndRun(RemoteTestNG.java:251)
at org.testng.remote.RemoteTestNG.main(RemoteTestNG.java:77)
]]>
            </full-stacktrace>
          </exception> <!-- java.lang.NullPointerException -->
          <reporter-output>
          </reporter-output>
        </test-method> <!-- sendinginvalidUn -->
        <test-method signature="sendinginvalidUn1()[pri:0, instance:com.slinkr.testscript.LoginExecute@3590fc5b]" started-at="2024-03-18T00:07:50 IST" name="sendinginvalidUn1" finished-at="2024-03-18T00:07:50 IST" duration-ms="41" status="FAIL">
          <exception class="java.lang.NullPointerException">
            <message>
              <![CDATA[Cannot invoke "org.apache.poi.ss.usermodel.Sheet.getRow(int)" because the return value of "org.apache.poi.ss.usermodel.Workbook.getSheet(String)" is null]]>
            </message>
            <full-stacktrace>
              <![CDATA[java.lang.NullPointerException: Cannot invoke "org.apache.poi.ss.usermodel.Sheet.getRow(int)" because the return value of "org.apache.poi.ss.usermodel.Workbook.getSheet(String)" is null
at com.slinkr.genericutility.FileUtility.getExceldata(FileUtility.java:27)
at com.slinkr.testscript.LoginExecute.sendinginvalidUn1(LoginExecute.java:95)
at java.base/jdk.internal.reflect.NativeMethodAccessorImpl.invoke0(Native Method)
at java.base/jdk.internal.reflect.NativeMethodAccessorImpl.invoke(NativeMethodAccessorImpl.java:77)
at java.base/jdk.internal.reflect.DelegatingMethodAccessorImpl.invoke(DelegatingMethodAccessorImpl.java:43)
at java.base/java.lang.reflect.Method.invoke(Method.java:568)
at org.testng.internal.invokers.MethodInvocationHelper.invokeMethod(MethodInvocationHelper.java:139)
at org.testng.internal.invokers.TestInvoker.invokeMethod(TestInvoker.java:664)
at org.testng.internal.invokers.TestInvoker.invokeTestMethod(TestInvoker.java:228)
at org.testng.internal.invokers.MethodRunner.runInSequence(MethodRunner.java:63)
at org.testng.internal.invokers.TestInvoker$MethodInvocationAgent.invoke(TestInvoker.java:961)
at org.testng.internal.invokers.TestInvoker.invokeTestMethods(TestInvoker.java:201)
at org.testng.internal.invokers.TestMethodWorker.invokeTestMethods(TestMethodWorker.java:148)
at org.testng.internal.invokers.TestMethodWorker.run(TestMethodWorker.java:128)
at java.base/java.util.ArrayList.forEach(ArrayList.java:1511)
at org.testng.TestRunner.privateRun(TestRunner.java:819)
at org.testng.TestRunner.run(TestRunner.java:619)
at org.testng.SuiteRunner.runTest(SuiteRunner.java:443)
at org.testng.SuiteRunner.runSequentially(SuiteRunner.java:437)
at org.testng.SuiteRunner.privateRun(SuiteRunner.java:397)
at org.testng.SuiteRunner.run(SuiteRunner.java:336)
at org.testng.SuiteRunnerWorker.runSuite(SuiteRunnerWorker.java:52)
at org.testng.SuiteRunnerWorker.run(SuiteRunnerWorker.java:95)
at org.testng.TestNG.runSuitesSequentially(TestNG.java:1301)
at org.testng.TestNG.runSuitesLocally(TestNG.java:1228)
at org.testng.TestNG.runSuites(TestNG.java:1134)
at org.testng.TestNG.run(TestNG.java:1101)
at org.testng.remote.AbstractRemoteTestNG.run(AbstractRemoteTestNG.java:115)
at org.testng.remote.RemoteTestNG.initAndRun(RemoteTestNG.java:251)
at org.testng.remote.RemoteTestNG.main(RemoteTestNG.java:77)
]]>
            </full-stacktrace>
          </exception> <!-- java.lang.NullPointerException -->
          <reporter-output>
          </reporter-output>
        </test-method> <!-- sendinginvalidUn1 -->
        <test-method signature="unpwdheightandwidth()[pri:0, instance:com.slinkr.testscript.LoginExecute@3590fc5b]" started-at="2024-03-18T00:07:50 IST" name="unpwdheightandwidth" finished-at="2024-03-18T00:07:50 IST" duration-ms="47" status="PASS">
          <reporter-output>
            <line>
              <![CDATA[username Height is 47]]>
            </line>
            <line>
              <![CDATA[username width is 204]]>
            </line>
          </reporter-output>
        </test-method> <!-- unpwdheightandwidth -->
        <test-method is-config="true" signature="executeAfterClass()[pri:0, instance:com.slinkr.testscript.LoginExecute@3590fc5b]" started-at="2024-03-18T00:07:50 IST" name="executeAfterClass" finished-at="2024-03-18T00:07:51 IST" duration-ms="563" status="PASS">
          <reporter-output>
          </reporter-output>
        </test-method> <!-- executeAfterClass -->
      </class> <!-- com.slinkr.testscript.LoginExecute -->
    </test> <!-- Test -->
  </suite> <!-- Suite -->
</testng-results>
